{"C:\\Users\\itsxv\\Downloads\\Barebones Volunteer\\Barebones-Volunteer\\backend\\server.js": {"path":"C:\\Users\\itsxv\\Downloads\\Barebones Volunteer\\Barebones-Volunteer\\backend\\server.js","statementMap":{"0":{"start":{"line":1,"column":16},"end":{"line":1,"column":34}},"1":{"start":{"line":2,"column":19},"end":{"line":2,"column":41}},"2":{"start":{"line":3,"column":13},"end":{"line":3,"column":28}},"3":{"start":{"line":4,"column":35},"end":{"line":4,"column":63}},"4":{"start":{"line":6,"column":12},"end":{"line":6,"column":21}},"5":{"start":{"line":7,"column":13},"end":{"line":7,"column":17}},"6":{"start":{"line":9,"column":0},"end":{"line":9,"column":27}},"7":{"start":{"line":10,"column":0},"end":{"line":10,"column":16}},"8":{"start":{"line":12,"column":12},"end":{"line":12,"column":14}},"9":{"start":{"line":13,"column":13},"end":{"line":13,"column":15}},"10":{"start":{"line":14,"column":20},"end":{"line":14,"column":22}},"11":{"start":{"line":17,"column":0},"end":{"line":34,"column":3}},"12":{"start":{"line":21,"column":17},"end":{"line":21,"column":38}},"13":{"start":{"line":22,"column":2},"end":{"line":24,"column":3}},"14":{"start":{"line":23,"column":4},"end":{"line":23,"column":60}},"15":{"start":{"line":26,"column":30},"end":{"line":26,"column":38}},"16":{"start":{"line":27,"column":21},"end":{"line":27,"column":61}},"17":{"start":{"line":27,"column":40},"end":{"line":27,"column":60}},"18":{"start":{"line":28,"column":2},"end":{"line":30,"column":3}},"19":{"start":{"line":29,"column":4},"end":{"line":29,"column":56}},"20":{"start":{"line":32,"column":2},"end":{"line":32,"column":69}},"21":{"start":{"line":33,"column":2},"end":{"line":33,"column":56}},"22":{"start":{"line":37,"column":0},"end":{"line":53,"column":3}},"23":{"start":{"line":41,"column":17},"end":{"line":41,"column":38}},"24":{"start":{"line":42,"column":2},"end":{"line":44,"column":3}},"25":{"start":{"line":43,"column":4},"end":{"line":43,"column":60}},"26":{"start":{"line":46,"column":30},"end":{"line":46,"column":38}},"27":{"start":{"line":47,"column":15},"end":{"line":47,"column":85}},"28":{"start":{"line":47,"column":34},"end":{"line":47,"column":84}},"29":{"start":{"line":48,"column":2},"end":{"line":50,"column":3}},"30":{"start":{"line":49,"column":4},"end":{"line":49,"column":62}},"31":{"start":{"line":52,"column":2},"end":{"line":52,"column":44}},"32":{"start":{"line":56,"column":0},"end":{"line":63,"column":3}},"33":{"start":{"line":57,"column":20},"end":{"line":57,"column":30}},"34":{"start":{"line":58,"column":15},"end":{"line":58,"column":55}},"35":{"start":{"line":58,"column":34},"end":{"line":58,"column":54}},"36":{"start":{"line":59,"column":2},"end":{"line":61,"column":3}},"37":{"start":{"line":60,"column":4},"end":{"line":60,"column":51}},"38":{"start":{"line":62,"column":2},"end":{"line":62,"column":37}},"39":{"start":{"line":66,"column":0},"end":{"line":87,"column":3}},"40":{"start":{"line":74,"column":17},"end":{"line":74,"column":38}},"41":{"start":{"line":75,"column":2},"end":{"line":77,"column":3}},"42":{"start":{"line":76,"column":4},"end":{"line":76,"column":60}},"43":{"start":{"line":79,"column":20},"end":{"line":79,"column":30}},"44":{"start":{"line":80,"column":22},"end":{"line":80,"column":30}},"45":{"start":{"line":81,"column":20},"end":{"line":81,"column":65}},"46":{"start":{"line":81,"column":44},"end":{"line":81,"column":64}},"47":{"start":{"line":82,"column":2},"end":{"line":84,"column":3}},"48":{"start":{"line":83,"column":4},"end":{"line":83,"column":51}},"49":{"start":{"line":85,"column":2},"end":{"line":85,"column":37}},"50":{"start":{"line":86,"column":2},"end":{"line":86,"column":56}},"51":{"start":{"line":90,"column":0},"end":{"line":123,"column":3}},"52":{"start":{"line":98,"column":17},"end":{"line":98,"column":38}},"53":{"start":{"line":99,"column":2},"end":{"line":101,"column":3}},"54":{"start":{"line":100,"column":4},"end":{"line":100,"column":60}},"55":{"start":{"line":103,"column":79},"end":{"line":103,"column":87}},"56":{"start":{"line":104,"column":19},"end":{"line":112,"column":3}},"57":{"start":{"line":113,"column":2},"end":{"line":113,"column":24}},"58":{"start":{"line":115,"column":2},"end":{"line":120,"column":5}},"59":{"start":{"line":116,"column":4},"end":{"line":119,"column":7}},"60":{"start":{"line":122,"column":2},"end":{"line":122,"column":33}},"61":{"start":{"line":126,"column":0},"end":{"line":128,"column":3}},"62":{"start":{"line":127,"column":2},"end":{"line":127,"column":31}},"63":{"start":{"line":131,"column":0},"end":{"line":142,"column":3}},"64":{"start":{"line":132,"column":2},"end":{"line":132,"column":63}},"65":{"start":{"line":133,"column":17},"end":{"line":133,"column":27}},"66":{"start":{"line":134,"column":21},"end":{"line":134,"column":63}},"67":{"start":{"line":134,"column":47},"end":{"line":134,"column":62}},"68":{"start":{"line":136,"column":2},"end":{"line":138,"column":3}},"69":{"start":{"line":137,"column":4},"end":{"line":137,"column":52}},"70":{"start":{"line":140,"column":2},"end":{"line":140,"column":31}},"71":{"start":{"line":141,"column":2},"end":{"line":141,"column":54}},"72":{"start":{"line":145,"column":0},"end":{"line":157,"column":3}},"73":{"start":{"line":149,"column":17},"end":{"line":149,"column":38}},"74":{"start":{"line":150,"column":2},"end":{"line":152,"column":3}},"75":{"start":{"line":151,"column":4},"end":{"line":151,"column":60}},"76":{"start":{"line":154,"column":29},"end":{"line":154,"column":37}},"77":{"start":{"line":155,"column":2},"end":{"line":155,"column":41}},"78":{"start":{"line":156,"column":2},"end":{"line":156,"column":61}},"79":{"start":{"line":160,"column":0},"end":{"line":164,"column":3}},"80":{"start":{"line":161,"column":20},"end":{"line":161,"column":30}},"81":{"start":{"line":162,"column":28},"end":{"line":162,"column":94}},"82":{"start":{"line":162,"column":65},"end":{"line":162,"column":93}},"83":{"start":{"line":163,"column":2},"end":{"line":163,"column":42}},"84":{"start":{"line":167,"column":0},"end":{"line":169,"column":3}},"85":{"start":{"line":168,"column":2},"end":{"line":168,"column":30}},"86":{"start":{"line":172,"column":0},"end":{"line":182,"column":3}},"87":{"start":{"line":173,"column":29},"end":{"line":173,"column":39}},"88":{"start":{"line":174,"column":28},"end":{"line":174,"column":133}},"89":{"start":{"line":174,"column":68},"end":{"line":174,"column":132}},"90":{"start":{"line":176,"column":2},"end":{"line":178,"column":3}},"91":{"start":{"line":177,"column":4},"end":{"line":177,"column":59}},"92":{"start":{"line":180,"column":2},"end":{"line":180,"column":45}},"93":{"start":{"line":181,"column":2},"end":{"line":181,"column":61}},"94":{"start":{"line":185,"column":0},"end":{"line":212,"column":3}},"95":{"start":{"line":186,"column":20},"end":{"line":186,"column":30}},"96":{"start":{"line":187,"column":15},"end":{"line":187,"column":55}},"97":{"start":{"line":187,"column":34},"end":{"line":187,"column":54}},"98":{"start":{"line":189,"column":2},"end":{"line":191,"column":3}},"99":{"start":{"line":190,"column":4},"end":{"line":190,"column":51}},"100":{"start":{"line":193,"column":21},"end":{"line":193,"column":46}},"101":{"start":{"line":194,"column":27},"end":{"line":194,"column":58}},"102":{"start":{"line":196,"column":24},"end":{"line":198,"column":3}},"103":{"start":{"line":197,"column":4},"end":{"line":197,"column":64}},"104":{"start":{"line":200,"column":25},"end":{"line":209,"column":4}},"105":{"start":{"line":201,"column":23},"end":{"line":201,"column":73}},"106":{"start":{"line":201,"column":53},"end":{"line":201,"column":72}},"107":{"start":{"line":202,"column":4},"end":{"line":208,"column":14}},"108":{"start":{"line":202,"column":46},"end":{"line":202,"column":72}},"109":{"start":{"line":204,"column":13},"end":{"line":207,"column":16}},"110":{"start":{"line":205,"column":46},"end":{"line":205,"column":69}},"111":{"start":{"line":206,"column":15},"end":{"line":206,"column":120}},"112":{"start":{"line":211,"column":2},"end":{"line":211,"column":39}},"113":{"start":{"line":215,"column":0},"end":{"line":258,"column":3}},"114":{"start":{"line":219,"column":2},"end":{"line":219,"column":61}},"115":{"start":{"line":220,"column":17},"end":{"line":220,"column":38}},"116":{"start":{"line":221,"column":2},"end":{"line":223,"column":3}},"117":{"start":{"line":222,"column":4},"end":{"line":222,"column":60}},"118":{"start":{"line":225,"column":29},"end":{"line":225,"column":37}},"119":{"start":{"line":226,"column":15},"end":{"line":226,"column":55}},"120":{"start":{"line":226,"column":34},"end":{"line":226,"column":54}},"121":{"start":{"line":227,"column":16},"end":{"line":227,"column":58}},"122":{"start":{"line":227,"column":37},"end":{"line":227,"column":57}},"123":{"start":{"line":229,"column":2},"end":{"line":231,"column":3}},"124":{"start":{"line":230,"column":4},"end":{"line":230,"column":51}},"125":{"start":{"line":232,"column":2},"end":{"line":234,"column":3}},"126":{"start":{"line":233,"column":4},"end":{"line":233,"column":52}},"127":{"start":{"line":236,"column":25},"end":{"line":236,"column":91}},"128":{"start":{"line":236,"column":63},"end":{"line":236,"column":90}},"129":{"start":{"line":237,"column":2},"end":{"line":239,"column":3}},"130":{"start":{"line":238,"column":4},"end":{"line":238,"column":76}},"131":{"start":{"line":241,"column":2},"end":{"line":250,"column":5}},"132":{"start":{"line":252,"column":2},"end":{"line":255,"column":5}},"133":{"start":{"line":257,"column":2},"end":{"line":257,"column":67}},"134":{"start":{"line":261,"column":0},"end":{"line":270,"column":3}},"135":{"start":{"line":262,"column":20},"end":{"line":262,"column":30}},"136":{"start":{"line":263,"column":15},"end":{"line":263,"column":55}},"137":{"start":{"line":263,"column":34},"end":{"line":263,"column":54}},"138":{"start":{"line":265,"column":2},"end":{"line":267,"column":3}},"139":{"start":{"line":266,"column":4},"end":{"line":266,"column":51}},"140":{"start":{"line":269,"column":2},"end":{"line":269,"column":46}},"141":{"start":{"line":273,"column":0},"end":{"line":275,"column":3}},"142":{"start":{"line":274,"column":2},"end":{"line":274,"column":27}},"143":{"start":{"line":278,"column":0},"end":{"line":282,"column":1}},"144":{"start":{"line":279,"column":2},"end":{"line":281,"column":5}},"145":{"start":{"line":280,"column":4},"end":{"line":280,"column":62}},"146":{"start":{"line":284,"column":0},"end":{"line":284,"column":21}}},"fnMap":{"0":{"name":"(anonymous_0)","decl":{"start":{"line":20,"column":3},"end":{"line":20,"column":4}},"loc":{"start":{"line":20,"column":17},"end":{"line":34,"column":1}},"line":20},"1":{"name":"(anonymous_1)","decl":{"start":{"line":27,"column":32},"end":{"line":27,"column":33}},"loc":{"start":{"line":27,"column":40},"end":{"line":27,"column":60}},"line":27},"2":{"name":"(anonymous_2)","decl":{"start":{"line":40,"column":3},"end":{"line":40,"column":4}},"loc":{"start":{"line":40,"column":17},"end":{"line":53,"column":1}},"line":40},"3":{"name":"(anonymous_3)","decl":{"start":{"line":47,"column":26},"end":{"line":47,"column":27}},"loc":{"start":{"line":47,"column":34},"end":{"line":47,"column":84}},"line":47},"4":{"name":"(anonymous_4)","decl":{"start":{"line":56,"column":27},"end":{"line":56,"column":28}},"loc":{"start":{"line":56,"column":41},"end":{"line":63,"column":1}},"line":56},"5":{"name":"(anonymous_5)","decl":{"start":{"line":58,"column":26},"end":{"line":58,"column":27}},"loc":{"start":{"line":58,"column":34},"end":{"line":58,"column":54}},"line":58},"6":{"name":"(anonymous_6)","decl":{"start":{"line":73,"column":3},"end":{"line":73,"column":4}},"loc":{"start":{"line":73,"column":17},"end":{"line":87,"column":1}},"line":73},"7":{"name":"(anonymous_7)","decl":{"start":{"line":81,"column":36},"end":{"line":81,"column":37}},"loc":{"start":{"line":81,"column":44},"end":{"line":81,"column":64}},"line":81},"8":{"name":"(anonymous_8)","decl":{"start":{"line":97,"column":3},"end":{"line":97,"column":4}},"loc":{"start":{"line":97,"column":17},"end":{"line":123,"column":1}},"line":97},"9":{"name":"(anonymous_9)","decl":{"start":{"line":115,"column":16},"end":{"line":115,"column":17}},"loc":{"start":{"line":115,"column":24},"end":{"line":120,"column":3}},"line":115},"10":{"name":"(anonymous_10)","decl":{"start":{"line":126,"column":19},"end":{"line":126,"column":20}},"loc":{"start":{"line":126,"column":33},"end":{"line":128,"column":1}},"line":126},"11":{"name":"(anonymous_11)","decl":{"start":{"line":131,"column":26},"end":{"line":131,"column":27}},"loc":{"start":{"line":131,"column":40},"end":{"line":142,"column":1}},"line":131},"12":{"name":"(anonymous_12)","decl":{"start":{"line":134,"column":38},"end":{"line":134,"column":39}},"loc":{"start":{"line":134,"column":47},"end":{"line":134,"column":62}},"line":134},"13":{"name":"(anonymous_13)","decl":{"start":{"line":148,"column":3},"end":{"line":148,"column":4}},"loc":{"start":{"line":148,"column":17},"end":{"line":157,"column":1}},"line":148},"14":{"name":"(anonymous_14)","decl":{"start":{"line":160,"column":33},"end":{"line":160,"column":34}},"loc":{"start":{"line":160,"column":47},"end":{"line":164,"column":1}},"line":160},"15":{"name":"(anonymous_15)","decl":{"start":{"line":162,"column":49},"end":{"line":162,"column":50}},"loc":{"start":{"line":162,"column":65},"end":{"line":162,"column":93}},"line":162},"16":{"name":"(anonymous_16)","decl":{"start":{"line":167,"column":18},"end":{"line":167,"column":19}},"loc":{"start":{"line":167,"column":32},"end":{"line":169,"column":1}},"line":167},"17":{"name":"(anonymous_17)","decl":{"start":{"line":172,"column":45},"end":{"line":172,"column":46}},"loc":{"start":{"line":172,"column":59},"end":{"line":182,"column":1}},"line":172},"18":{"name":"(anonymous_18)","decl":{"start":{"line":174,"column":52},"end":{"line":174,"column":53}},"loc":{"start":{"line":174,"column":68},"end":{"line":174,"column":132}},"line":174},"19":{"name":"(anonymous_19)","decl":{"start":{"line":185,"column":35},"end":{"line":185,"column":36}},"loc":{"start":{"line":185,"column":49},"end":{"line":212,"column":1}},"line":185},"20":{"name":"(anonymous_20)","decl":{"start":{"line":187,"column":26},"end":{"line":187,"column":27}},"loc":{"start":{"line":187,"column":34},"end":{"line":187,"column":54}},"line":187},"21":{"name":"(anonymous_21)","decl":{"start":{"line":196,"column":24},"end":{"line":196,"column":25}},"loc":{"start":{"line":196,"column":72},"end":{"line":198,"column":3}},"line":196},"22":{"name":"(anonymous_22)","decl":{"start":{"line":200,"column":39},"end":{"line":200,"column":40}},"loc":{"start":{"line":200,"column":48},"end":{"line":209,"column":3}},"line":200},"23":{"name":"(anonymous_23)","decl":{"start":{"line":201,"column":44},"end":{"line":201,"column":45}},"loc":{"start":{"line":201,"column":53},"end":{"line":201,"column":72}},"line":201},"24":{"name":"(anonymous_24)","decl":{"start":{"line":202,"column":37},"end":{"line":202,"column":38}},"loc":{"start":{"line":202,"column":46},"end":{"line":202,"column":72}},"line":202},"25":{"name":"(anonymous_25)","decl":{"start":{"line":203,"column":27},"end":{"line":203,"column":28}},"loc":{"start":{"line":203,"column":55},"end":{"line":208,"column":12}},"line":203},"26":{"name":"(anonymous_26)","decl":{"start":{"line":204,"column":42},"end":{"line":204,"column":43}},"loc":{"start":{"line":204,"column":55},"end":{"line":207,"column":14}},"line":204},"27":{"name":"(anonymous_27)","decl":{"start":{"line":218,"column":3},"end":{"line":218,"column":4}},"loc":{"start":{"line":218,"column":17},"end":{"line":258,"column":1}},"line":218},"28":{"name":"(anonymous_28)","decl":{"start":{"line":226,"column":26},"end":{"line":226,"column":27}},"loc":{"start":{"line":226,"column":34},"end":{"line":226,"column":54}},"line":226},"29":{"name":"(anonymous_29)","decl":{"start":{"line":227,"column":28},"end":{"line":227,"column":29}},"loc":{"start":{"line":227,"column":37},"end":{"line":227,"column":57}},"line":227},"30":{"name":"(anonymous_30)","decl":{"start":{"line":236,"column":52},"end":{"line":236,"column":53}},"loc":{"start":{"line":236,"column":63},"end":{"line":236,"column":90}},"line":236},"31":{"name":"(anonymous_31)","decl":{"start":{"line":261,"column":27},"end":{"line":261,"column":28}},"loc":{"start":{"line":261,"column":41},"end":{"line":270,"column":1}},"line":261},"32":{"name":"(anonymous_32)","decl":{"start":{"line":263,"column":26},"end":{"line":263,"column":27}},"loc":{"start":{"line":263,"column":34},"end":{"line":263,"column":54}},"line":263},"33":{"name":"(anonymous_33)","decl":{"start":{"line":273,"column":13},"end":{"line":273,"column":14}},"loc":{"start":{"line":273,"column":27},"end":{"line":275,"column":1}},"line":273},"34":{"name":"(anonymous_34)","decl":{"start":{"line":279,"column":19},"end":{"line":279,"column":20}},"loc":{"start":{"line":279,"column":25},"end":{"line":281,"column":3}},"line":279}},"branchMap":{"0":{"loc":{"start":{"line":22,"column":2},"end":{"line":24,"column":3}},"type":"if","locations":[{"start":{"line":22,"column":2},"end":{"line":24,"column":3}},{"start":{},"end":{}}],"line":22},"1":{"loc":{"start":{"line":28,"column":2},"end":{"line":30,"column":3}},"type":"if","locations":[{"start":{"line":28,"column":2},"end":{"line":30,"column":3}},{"start":{},"end":{}}],"line":28},"2":{"loc":{"start":{"line":42,"column":2},"end":{"line":44,"column":3}},"type":"if","locations":[{"start":{"line":42,"column":2},"end":{"line":44,"column":3}},{"start":{},"end":{}}],"line":42},"3":{"loc":{"start":{"line":47,"column":34},"end":{"line":47,"column":84}},"type":"binary-expr","locations":[{"start":{"line":47,"column":34},"end":{"line":47,"column":54}},{"start":{"line":47,"column":58},"end":{"line":47,"column":84}}],"line":47},"4":{"loc":{"start":{"line":48,"column":2},"end":{"line":50,"column":3}},"type":"if","locations":[{"start":{"line":48,"column":2},"end":{"line":50,"column":3}},{"start":{},"end":{}}],"line":48},"5":{"loc":{"start":{"line":59,"column":2},"end":{"line":61,"column":3}},"type":"if","locations":[{"start":{"line":59,"column":2},"end":{"line":61,"column":3}},{"start":{},"end":{}}],"line":59},"6":{"loc":{"start":{"line":75,"column":2},"end":{"line":77,"column":3}},"type":"if","locations":[{"start":{"line":75,"column":2},"end":{"line":77,"column":3}},{"start":{},"end":{}}],"line":75},"7":{"loc":{"start":{"line":82,"column":2},"end":{"line":84,"column":3}},"type":"if","locations":[{"start":{"line":82,"column":2},"end":{"line":84,"column":3}},{"start":{},"end":{}}],"line":82},"8":{"loc":{"start":{"line":99,"column":2},"end":{"line":101,"column":3}},"type":"if","locations":[{"start":{"line":99,"column":2},"end":{"line":101,"column":3}},{"start":{},"end":{}}],"line":99},"9":{"loc":{"start":{"line":136,"column":2},"end":{"line":138,"column":3}},"type":"if","locations":[{"start":{"line":136,"column":2},"end":{"line":138,"column":3}},{"start":{},"end":{}}],"line":136},"10":{"loc":{"start":{"line":150,"column":2},"end":{"line":152,"column":3}},"type":"if","locations":[{"start":{"line":150,"column":2},"end":{"line":152,"column":3}},{"start":{},"end":{}}],"line":150},"11":{"loc":{"start":{"line":174,"column":68},"end":{"line":174,"column":132}},"type":"binary-expr","locations":[{"start":{"line":174,"column":68},"end":{"line":174,"column":96}},{"start":{"line":174,"column":100},"end":{"line":174,"column":132}}],"line":174},"12":{"loc":{"start":{"line":176,"column":2},"end":{"line":178,"column":3}},"type":"if","locations":[{"start":{"line":176,"column":2},"end":{"line":178,"column":3}},{"start":{},"end":{}}],"line":176},"13":{"loc":{"start":{"line":189,"column":2},"end":{"line":191,"column":3}},"type":"if","locations":[{"start":{"line":189,"column":2},"end":{"line":191,"column":3}},{"start":{},"end":{}}],"line":189},"14":{"loc":{"start":{"line":193,"column":21},"end":{"line":193,"column":46}},"type":"binary-expr","locations":[{"start":{"line":193,"column":21},"end":{"line":193,"column":40}},{"start":{"line":193,"column":44},"end":{"line":193,"column":46}}],"line":193},"15":{"loc":{"start":{"line":194,"column":27},"end":{"line":194,"column":58}},"type":"binary-expr","locations":[{"start":{"line":194,"column":27},"end":{"line":194,"column":52}},{"start":{"line":194,"column":56},"end":{"line":194,"column":58}}],"line":194},"16":{"loc":{"start":{"line":197,"column":11},"end":{"line":197,"column":63}},"type":"binary-expr","locations":[{"start":{"line":197,"column":12},"end":{"line":197,"column":34}},{"start":{"line":197,"column":40},"end":{"line":197,"column":62}}],"line":197},"17":{"loc":{"start":{"line":202,"column":11},"end":{"line":208,"column":13}},"type":"binary-expr","locations":[{"start":{"line":202,"column":11},"end":{"line":202,"column":73}},{"start":{"line":203,"column":11},"end":{"line":208,"column":13}}],"line":202},"18":{"loc":{"start":{"line":221,"column":2},"end":{"line":223,"column":3}},"type":"if","locations":[{"start":{"line":221,"column":2},"end":{"line":223,"column":3}},{"start":{},"end":{}}],"line":221},"19":{"loc":{"start":{"line":229,"column":2},"end":{"line":231,"column":3}},"type":"if","locations":[{"start":{"line":229,"column":2},"end":{"line":231,"column":3}},{"start":{},"end":{}}],"line":229},"20":{"loc":{"start":{"line":232,"column":2},"end":{"line":234,"column":3}},"type":"if","locations":[{"start":{"line":232,"column":2},"end":{"line":234,"column":3}},{"start":{},"end":{}}],"line":232},"21":{"loc":{"start":{"line":237,"column":2},"end":{"line":239,"column":3}},"type":"if","locations":[{"start":{"line":237,"column":2},"end":{"line":239,"column":3}},{"start":{},"end":{}}],"line":237},"22":{"loc":{"start":{"line":265,"column":2},"end":{"line":267,"column":3}},"type":"if","locations":[{"start":{"line":265,"column":2},"end":{"line":267,"column":3}},{"start":{},"end":{}}],"line":265},"23":{"loc":{"start":{"line":278,"column":0},"end":{"line":282,"column":1}},"type":"if","locations":[{"start":{"line":278,"column":0},"end":{"line":282,"column":1}},{"start":{},"end":{}}],"line":278}},"s":{"0":1,"1":1,"2":1,"3":1,"4":1,"5":1,"6":1,"7":1,"8":1,"9":1,"10":1,"11":1,"12":8,"13":8,"14":2,"15":6,"16":6,"17":15,"18":6,"19":0,"20":6,"21":6,"22":1,"23":2,"24":2,"25":0,"26":2,"27":2,"28":4,"29":2,"30":1,"31":1,"32":1,"33":1,"34":1,"35":3,"36":1,"37":0,"38":1,"39":1,"40":3,"41":3,"42":0,"43":3,"44":3,"45":3,"46":15,"47":3,"48":0,"49":3,"50":3,"51":1,"52":4,"53":4,"54":0,"55":4,"56":4,"57":4,"58":4,"59":19,"60":4,"61":1,"62":1,"63":1,"64":1,"65":1,"66":1,"67":2,"68":1,"69":0,"70":1,"71":1,"72":1,"73":2,"74":2,"75":0,"76":2,"77":2,"78":2,"79":1,"80":1,"81":1,"82":9,"83":1,"84":1,"85":0,"86":1,"87":1,"88":1,"89":10,"90":1,"91":0,"92":1,"93":1,"94":1,"95":1,"96":1,"97":5,"98":1,"99":0,"100":1,"101":1,"102":1,"103":2,"104":1,"105":2,"106":2,"107":2,"108":2,"109":2,"110":2,"111":2,"112":1,"113":1,"114":1,"115":1,"116":1,"117":0,"118":1,"119":1,"120":6,"121":1,"122":3,"123":1,"124":0,"125":1,"126":0,"127":1,"128":0,"129":1,"130":0,"131":1,"132":1,"133":1,"134":1,"135":1,"136":1,"137":6,"138":1,"139":0,"140":1,"141":1,"142":0,"143":1,"144":0,"145":0,"146":1},"f":{"0":8,"1":15,"2":2,"3":4,"4":1,"5":3,"6":3,"7":15,"8":4,"9":19,"10":1,"11":1,"12":2,"13":2,"14":1,"15":9,"16":0,"17":1,"18":10,"19":1,"20":5,"21":2,"22":2,"23":2,"24":2,"25":2,"26":2,"27":1,"28":6,"29":3,"30":0,"31":1,"32":6,"33":0,"34":0},"b":{"0":[2,6],"1":[0,6],"2":[0,2],"3":[4,1],"4":[1,1],"5":[0,1],"6":[0,3],"7":[0,3],"8":[0,4],"9":[0,1],"10":[0,2],"11":[10,1],"12":[0,1],"13":[0,1],"14":[1,0],"15":[1,0],"16":[2,2],"17":[2,2],"18":[0,1],"19":[0,1],"20":[0,1],"21":[0,1],"22":[0,1],"23":[0,1]},"_coverageSchema":"1a1c01bbd47fc00a2c39e90264f33305004495a9","hash":"21ce4c8bd2b8e55fbcdb1147c75f6ec84065d8bc"}
}
