TN:
SF:backend\server.js
FN:20,(anonymous_0)
FN:27,(anonymous_1)
FN:40,(anonymous_2)
FN:47,(anonymous_3)
FN:56,(anonymous_4)
FN:58,(anonymous_5)
FN:73,(anonymous_6)
FN:81,(anonymous_7)
FN:97,(anonymous_8)
FN:115,(anonymous_9)
FN:126,(anonymous_10)
FN:131,(anonymous_11)
FN:134,(anonymous_12)
FN:148,(anonymous_13)
FN:160,(anonymous_14)
FN:162,(anonymous_15)
FN:167,(anonymous_16)
FN:172,(anonymous_17)
FN:174,(anonymous_18)
FN:185,(anonymous_19)
FN:187,(anonymous_20)
FN:196,(anonymous_21)
FN:200,(anonymous_22)
FN:201,(anonymous_23)
FN:202,(anonymous_24)
FN:203,(anonymous_25)
FN:204,(anonymous_26)
FN:218,(anonymous_27)
FN:226,(anonymous_28)
FN:227,(anonymous_29)
FN:236,(anonymous_30)
FN:261,(anonymous_31)
FN:263,(anonymous_32)
FN:273,(anonymous_33)
FN:279,(anonymous_34)
FNF:35
FNH:31
FNDA:8,(anonymous_0)
FNDA:15,(anonymous_1)
FNDA:2,(anonymous_2)
FNDA:4,(anonymous_3)
FNDA:1,(anonymous_4)
FNDA:3,(anonymous_5)
FNDA:3,(anonymous_6)
FNDA:15,(anonymous_7)
FNDA:4,(anonymous_8)
FNDA:19,(anonymous_9)
FNDA:1,(anonymous_10)
FNDA:1,(anonymous_11)
FNDA:2,(anonymous_12)
FNDA:2,(anonymous_13)
FNDA:1,(anonymous_14)
FNDA:9,(anonymous_15)
FNDA:0,(anonymous_16)
FNDA:1,(anonymous_17)
FNDA:10,(anonymous_18)
FNDA:1,(anonymous_19)
FNDA:5,(anonymous_20)
FNDA:2,(anonymous_21)
FNDA:2,(anonymous_22)
FNDA:2,(anonymous_23)
FNDA:2,(anonymous_24)
FNDA:2,(anonymous_25)
FNDA:2,(anonymous_26)
FNDA:1,(anonymous_27)
FNDA:6,(anonymous_28)
FNDA:3,(anonymous_29)
FNDA:0,(anonymous_30)
FNDA:1,(anonymous_31)
FNDA:6,(anonymous_32)
FNDA:0,(anonymous_33)
FNDA:0,(anonymous_34)
DA:1,1
DA:2,1
DA:3,1
DA:4,1
DA:6,1
DA:7,1
DA:9,1
DA:10,1
DA:12,1
DA:13,1
DA:14,1
DA:17,1
DA:21,8
DA:22,8
DA:23,2
DA:26,6
DA:27,15
DA:28,6
DA:29,0
DA:32,6
DA:33,6
DA:37,1
DA:41,2
DA:42,2
DA:43,0
DA:46,2
DA:47,4
DA:48,2
DA:49,1
DA:52,1
DA:56,1
DA:57,1
DA:58,3
DA:59,1
DA:60,0
DA:62,1
DA:66,1
DA:74,3
DA:75,3
DA:76,0
DA:79,3
DA:80,3
DA:81,15
DA:82,3
DA:83,0
DA:85,3
DA:86,3
DA:90,1
DA:98,4
DA:99,4
DA:100,0
DA:103,4
DA:104,4
DA:113,4
DA:115,4
DA:116,19
DA:122,4
DA:126,1
DA:127,1
DA:131,1
DA:132,1
DA:133,1
DA:134,2
DA:136,1
DA:137,0
DA:140,1
DA:141,1
DA:145,1
DA:149,2
DA:150,2
DA:151,0
DA:154,2
DA:155,2
DA:156,2
DA:160,1
DA:161,1
DA:162,9
DA:163,1
DA:167,1
DA:168,0
DA:172,1
DA:173,1
DA:174,10
DA:176,1
DA:177,0
DA:180,1
DA:181,1
DA:185,1
DA:186,1
DA:187,5
DA:189,1
DA:190,0
DA:193,1
DA:194,1
DA:196,1
DA:197,2
DA:200,1
DA:201,2
DA:202,2
DA:204,2
DA:205,2
DA:206,2
DA:211,1
DA:215,1
DA:219,1
DA:220,1
DA:221,1
DA:222,0
DA:225,1
DA:226,6
DA:227,3
DA:229,1
DA:230,0
DA:232,1
DA:233,0
DA:236,1
DA:237,1
DA:238,0
DA:241,1
DA:252,1
DA:257,1
DA:261,1
DA:262,1
DA:263,6
DA:265,1
DA:266,0
DA:269,1
DA:273,1
DA:274,0
DA:278,1
DA:279,0
DA:280,0
DA:284,1
LF:133
LH:114
BRDA:22,0,0,2
BRDA:22,0,1,6
BRDA:28,1,0,0
BRDA:28,1,1,6
BRDA:42,2,0,0
BRDA:42,2,1,2
BRDA:47,3,0,4
BRDA:47,3,1,1
BRDA:48,4,0,1
BRDA:48,4,1,1
BRDA:59,5,0,0
BRDA:59,5,1,1
BRDA:75,6,0,0
BRDA:75,6,1,3
BRDA:82,7,0,0
BRDA:82,7,1,3
BRDA:99,8,0,0
BRDA:99,8,1,4
BRDA:136,9,0,0
BRDA:136,9,1,1
BRDA:150,10,0,0
BRDA:150,10,1,2
BRDA:174,11,0,10
BRDA:174,11,1,1
BRDA:176,12,0,0
BRDA:176,12,1,1
BRDA:189,13,0,0
BRDA:189,13,1,1
BRDA:193,14,0,1
BRDA:193,14,1,0
BRDA:194,15,0,1
BRDA:194,15,1,0
BRDA:197,16,0,2
BRDA:197,16,1,2
BRDA:202,17,0,2
BRDA:202,17,1,2
BRDA:221,18,0,0
BRDA:221,18,1,1
BRDA:229,19,0,0
BRDA:229,19,1,1
BRDA:232,20,0,0
BRDA:232,20,1,1
BRDA:237,21,0,0
BRDA:237,21,1,1
BRDA:265,22,0,0
BRDA:265,22,1,1
BRDA:278,23,0,0
BRDA:278,23,1,1
BRF:48
BRH:30
end_of_record
